<?xml version="1.0" encoding="UTF-8"?>
<testsuite xmlns:xsi="http://www.w3.org/2001/XMLSchema-instance" xsi:noNamespaceSchemaLocation="https://maven.apache.org/surefire/maven-failsafe-plugin/xsd/failsafe-test-report.xsd" name="testcases.LoginTest" time="5.125" tests="1" errors="1" skipped="0" failures="0">
  <properties>
[...]
</properties>
  <testcase name="doLogin" classname="testcases.LoginTest" time="2.068">
    <error message="Could not instantiate class org.openqa.selenium.chrome.ChromeDriver" type="net.thucydides.core.webdriver.DriverConfigurationError"><![CDATA[net.thucydides.core.webdriver.DriverConfigurationError: Could not instantiate class org.openqa.selenium.chrome.ChromeDriver
	at testcases.LoginTest.doLogin(LoginTest.java:24)
Caused by: net.thucydides.core.webdriver.DriverConfigurationError: 
Could not instantiate new WebDriver instance of type class org.openqa.selenium.chrome.ChromeDriver (session not created: This version of ChromeDriver only supports Chrome version 93
Current browser version is 98.0.4758.102 with binary path /usr/bin/google-chrome
Build info: version: '3.141.59', revision: 'e82be7d358', time: '2018-11-14T08:17:03'
System info: host: 'samann-HP-Notebook', ip: '127.0.1.1', os.name: 'Linux', os.arch: 'amd64', os.version: '5.13.0-30-generic', java.version: '1.8.0_312'
Driver info: driver.version: ProvideNewDriver
remote stacktrace: #0 0x55d583413583 <unknown>
#1 0x55d583187a38 <unknown>
#2 0x55d5831ae4e1 <unknown>
#3 0x55d5831a9d03 <unknown>
#4 0x55d5831a64df <unknown>
#5 0x55d5831e01e2 <unknown>
#6 0x55d5831da643 <unknown>
#7 0x55d5831b0b94 <unknown>
#8 0x55d5831b1b85 <unknown>
#9 0x55d583443c6e <unknown>
#10 0x55d583459975 <unknown>
#11 0x55d583444bc5 <unknown>
#12 0x55d58345afb5 <unknown>
#13 0x55d58343984b <unknown>
#14 0x55d583476248 <unknown>
#15 0x55d5834763c8 <unknown>
#16 0x55d58349073d <unknown>
#17 0x7fd3cc469609 start_thread
). See below for more details.
	at testcases.LoginTest.doLogin(LoginTest.java:24)
Caused by: org.openqa.selenium.SessionNotCreatedException: 
session not created: This version of ChromeDriver only supports Chrome version 93
Current browser version is 98.0.4758.102 with binary path /usr/bin/google-chrome
Build info: version: '3.141.59', revision: 'e82be7d358', time: '2018-11-14T08:17:03'
System info: host: 'samann-HP-Notebook', ip: '127.0.1.1', os.name: 'Linux', os.arch: 'amd64', os.version: '5.13.0-30-generic', java.version: '1.8.0_312'
Driver info: driver.version: ProvideNewDriver
remote stacktrace: #0 0x55d583413583 <unknown>
#1 0x55d583187a38 <unknown>
#2 0x55d5831ae4e1 <unknown>
#3 0x55d5831a9d03 <unknown>
#4 0x55d5831a64df <unknown>
#5 0x55d5831e01e2 <unknown>
#6 0x55d5831da643 <unknown>
#7 0x55d5831b0b94 <unknown>
#8 0x55d5831b1b85 <unknown>
#9 0x55d583443c6e <unknown>
#10 0x55d583459975 <unknown>
#11 0x55d583444bc5 <unknown>
#12 0x55d58345afb5 <unknown>
#13 0x55d58343984b <unknown>
#14 0x55d583476248 <unknown>
#15 0x55d5834763c8 <unknown>
#16 0x55d58349073d <unknown>
#17 0x7fd3cc469609 start_thread

	at testcases.LoginTest.doLogin(LoginTest.java:24)
]]></error>
    <system-err><![CDATA[741 [main] INFO net.thucydides.core.steps.ConsoleLoggingListener - 

-------------------------------------------------------------------------------------
     _______. _______ .______       _______ .__   __.  __  .___________.____    ____ 
    /       ||   ____||   _  \     |   ____||  \ |  | |  | |           |\   \  /   / 
   |   (----`|  |__   |  |_)  |    |  |__   |   \|  | |  | `---|  |----` \   \/   /  
    \   \    |   __|  |      /     |   __|  |  . `  | |  |     |  |       \_    _/   
.----)   |   |  |____ |  |\  \----.|  |____ |  |\   | |  |     |  |         |  |     
|_______/    |_______|| _| `._____||_______||__| \__| |__|     |__|         |__|    
                                                                                     
 News and tutorials at http://www.serenity-bdd.info                                  
 Documentation at https://wakaleo.gitbooks.io/the-serenity-book/content/             
 Join the Serenity Community on Rocket Chat at https://serenity-bdd.rocket.chat      
 Serenity BDD Support and Training at http://serenity-bdd.info/#/trainingandsupport  
 Learn Serenity BDD online at http://serenity-dojo.com                               
-------------------------------------------------------------------------------------

857 [main] INFO net.thucydides.core.steps.ConsoleLoggingListener - Test Suite Started: Login test
947 [main] INFO net.thucydides.core.steps.ConsoleLoggingListener - 
 _____ _____ ____ _____   ____ _____  _    ____ _____ _____ ____  
|_   _| ____/ ___|_   _| / ___|_   _|/ \  |  _ \_   _| ____|  _ \ 
  | | |  _| \___ \ | |   \___ \ | | / _ \ | |_) || | |  _| | | | |
  | | | |___ ___) || |    ___) || |/ ___ \|  _ < | | | |___| |_| |
  |_| |_____|____/ |_|   |____/ |_/_/   \_\_| \_\|_| |_____|____/ 
                                                                  

TEST STARTED: doLogin
-------------------------------------------------------------------
947 [main] INFO net.serenitybdd.core.Serenity - TEST NUMBER: 1
Mar 07, 2022 11:15:14 AM org.openqa.selenium.remote.DesiredCapabilities chrome
INFO: Using `new ChromeOptions()` is preferred to `DesiredCapabilities.chrome()`
1555 [main] INFO net.serenitybdd.core.webdriver.driverproviders.ProvideNewDriver - Instantiating driver
1559 [main] INFO net.serenitybdd.core.webdriver.driverproviders.ProvideNewDriver - Driver capabilities: Capabilities {acceptInsecureCerts: false, browserName: chrome, goog:chromeOptions: {args: [], extensions: []}, loggingPrefs: org.openqa.selenium.logging..., platform: ANY, version: }
Starting ChromeDriver 93.0.4577.63 (ff5c0da2ec0adeaed5550e6c7e98417dac77d98a-refs/branch-heads/4577@{#1135}) on port 29359
Only local connections are allowed.
Please see https://chromedriver.chromium.org/security-considerations for suggestions on keeping ChromeDriver safe.
ChromeDriver was started successfully.
]]></system-err>
  </testcase>
</testsuite>